<?xml version="1.0" encoding="UTF-8"?>
<!-- Generated by org.testng.reporters.JUnitReportReporter -->
<testsuite hostname="Fatimah" failures="0" tests="3" name="dataDriven.excelDataProvider.DataProviderConcept" time="0.011" errors="0" timestamp="2023-07-07T11:53:17 SGT" skipped="0">
  <testcase classname="dataDriven.excelDataProvider.DataProviderConcept" name="testCaseData" time="0.002"/>
  <system-out/>
  <testcase classname="dataDriven.excelDataProvider.DataProviderConcept" name="testCaseData" time="0.007"/>
  <system-out/>
  <testcase classname="dataDriven.excelDataProvider.DataProviderConcept" name="testCaseData" time="0.002"/>
  <system-out/>
</testsuite> <!-- dataDriven.excelDataProvider.DataProviderConcept -->
