<?xml version="1.0" encoding="UTF-8"?>
<!-- Generated by org.testng.reporters.JUnitReportReporter -->
<testsuite hostname="Fatimah" failures="0" tests="1" name="dataDriven.excelDataProvider.excel" time="1.010" errors="0" timestamp="2023-07-07T11:24:48 SGT" skipped="0">
  <testcase classname="dataDriven.excelDataProvider.excel" name="getExcel" time="1.010"/>
  <system-out/>
</testsuite> <!-- dataDriven.excelDataProvider.excel -->
